24.03.2023  10:25:00 [main] INFO  by.belstu.Lab3.Main  - Starting program_____________________________
24.03.2023  10:36:16 [main] INFO  by.belstu.Lab3.Main  - Starting program_____________________________
24.03.2023  10:36:16 [main] DEBUG by.belstu.Lab3.Main  - Check all input data...
24.03.2023  10:36:16 [main] DEBUG by.belstu.Lab3.Main  - Debug method getCompanyProfit() to understand it
24.03.2023  10:36:16 [main] ERROR by.belstu.Lab3.Main  - An error has occured with searchSpeed() method
24.03.2023  10:36:16 [main] INFO  by.belstu.Lab3.Main  - You successfully ran this program!
24.03.2023  10:37:49 [main] INFO  by.belstu.Lab3.Main  - Starting program_____________________________
24.03.2023  10:37:49 [main] DEBUG by.belstu.Lab3.Main  - Check all input data...
24.03.2023  10:37:49 [main] DEBUG by.belstu.Lab3.Main  - Debug method getCompanyProfit() to understand it
24.03.2023  10:37:49 [main] ERROR by.belstu.Lab3.Main  - An error has occured with searchSpeed() method
24.03.2023  10:37:49 [main] INFO  by.belstu.Lab3.Main  - You successfully ran this program!
24.03.2023  10:38:46 [main] INFO  by.belstu.Lab3.Main  - Starting program_____________________________
24.03.2023  10:38:46 [main] DEBUG by.belstu.Lab3.Main  - Check all input data...
24.03.2023  10:38:46 [main] DEBUG by.belstu.Lab3.Main  - Debug method getCompanyProfit() to understand it
24.03.2023  10:38:46 [main] ERROR by.belstu.Lab3.Main  - An error has occured with searchSpeed() method
24.03.2023  10:38:46 [main] INFO  by.belstu.Lab3.Main  - You successfully run this program!
24.03.2023  17:21:25 [main] INFO  by.belstu.Lab3.Main  - Starting program_____________________________
24.03.2023  17:21:25 [main] DEBUG by.belstu.Lab3.Main  - Check all input data...
24.03.2023  17:21:25 [main] DEBUG by.belstu.Lab3.Main  - Debug method getCompanyProfit() to understand it
24.03.2023  17:21:25 [main] ERROR by.belstu.Lab3.Main  - An error has occured with searchSpeed() method
24.03.2023  17:21:25 [main] INFO  by.belstu.Lab3.Main  - You successfully run this program!
